0 info it worked if it ends with ok
1 verbose cli [ '/usr/local/bin/node',
1 verbose cli   '/usr/local/bin/npm',
1 verbose cli   'run',
1 verbose cli   'publish-patch' ]
2 info using npm@3.10.10
3 info using node@v6.10.0
4 verbose run-script [ 'prepublish-patch', 'publish-patch', 'postpublish-patch' ]
5 info lifecycle angular-swagger-form-field@1.2.3~prepublish-patch: angular-swagger-form-field@1.2.3
6 silly lifecycle angular-swagger-form-field@1.2.3~prepublish-patch: no script for prepublish-patch, continuing
7 info lifecycle angular-swagger-form-field@1.2.3~publish-patch: angular-swagger-form-field@1.2.3
8 verbose lifecycle angular-swagger-form-field@1.2.3~publish-patch: unsafe-perm in lifecycle true
9 verbose lifecycle angular-swagger-form-field@1.2.3~publish-patch: PATH: /usr/local/lib/node_modules/npm/bin/node-gyp-bin:/Users/adreijngoudt/github/areijngoudt/angular-swagger-form-field/node_modules/.bin:/usr/local/opt/openssl/bin:/usr/local/go/bin:/Users/adreijngoudt/bitbucket/codex1_mvp/go/bin:~/Library/Android/sdk/tools:/Library/Android/sdk/platform-tools:/Library/Frameworks/Python.framework/Versions/3.5/bin:/usr/local/bin:/usr/bin:/bin:/usr/sbin:/sbin:/opt/X11/bin:/usr/local/share/dotnet:/usr/local/go/bin:/Library/Frameworks/Mono.framework/Versions/Current/Commands:/usr/local/opt/openssl/bin:/Users/adreijngoudt/bitbucket/codex1_mvp/go/bin:~/Library/Android/sdk/tools:/Library/Android/sdk/platform-tools:/Library/Frameworks/Python.framework/Versions/3.5/bin
10 verbose lifecycle angular-swagger-form-field@1.2.3~publish-patch: CWD: /Users/adreijngoudt/github/areijngoudt/angular-swagger-form-field
11 silly lifecycle angular-swagger-form-field@1.2.3~publish-patch: Args: [ '-c', 'tsc && npm version patch && npm publish' ]
12 silly lifecycle angular-swagger-form-field@1.2.3~publish-patch: Returned: code: 1  signal: null
13 info lifecycle angular-swagger-form-field@1.2.3~publish-patch: Failed to exec publish-patch script
14 verbose stack Error: angular-swagger-form-field@1.2.3 publish-patch: `tsc && npm version patch && npm publish`
14 verbose stack Exit status 1
14 verbose stack     at EventEmitter.<anonymous> (/usr/local/lib/node_modules/npm/lib/utils/lifecycle.js:255:16)
14 verbose stack     at emitTwo (events.js:106:13)
14 verbose stack     at EventEmitter.emit (events.js:191:7)
14 verbose stack     at ChildProcess.<anonymous> (/usr/local/lib/node_modules/npm/lib/utils/spawn.js:40:14)
14 verbose stack     at emitTwo (events.js:106:13)
14 verbose stack     at ChildProcess.emit (events.js:191:7)
14 verbose stack     at maybeClose (internal/child_process.js:877:16)
14 verbose stack     at Process.ChildProcess._handle.onexit (internal/child_process.js:226:5)
15 verbose pkgid angular-swagger-form-field@1.2.3
16 verbose cwd /Users/adreijngoudt/github/areijngoudt/angular-swagger-form-field
17 error Darwin 16.7.0
18 error argv "/usr/local/bin/node" "/usr/local/bin/npm" "run" "publish-patch"
19 error node v6.10.0
20 error npm  v3.10.10
21 error code ELIFECYCLE
22 error angular-swagger-form-field@1.2.3 publish-patch: `tsc && npm version patch && npm publish`
22 error Exit status 1
23 error Failed at the angular-swagger-form-field@1.2.3 publish-patch script 'tsc && npm version patch && npm publish'.
23 error Make sure you have the latest version of node.js and npm installed.
23 error If you do, this is most likely a problem with the angular-swagger-form-field package,
23 error not with npm itself.
23 error Tell the author that this fails on your system:
23 error     tsc && npm version patch && npm publish
23 error You can get information on how to open an issue for this project with:
23 error     npm bugs angular-swagger-form-field
23 error Or if that isn't available, you can get their info via:
23 error     npm owner ls angular-swagger-form-field
23 error There is likely additional logging output above.
24 verbose exit [ 1, true ]
